2020-07-20 18:56:51.723  INFO 25164 --- [main] com.enusujeo.batch.BatchApplication      : Starting BatchApplication on silverspoon8-PC with PID 25164 (D:\0. source\study\spring_batch\build\classes\java\main started by silverspoon8 in D:\0. source\study\spring_batch)
2020-07-20 18:56:51.725 DEBUG 25164 --- [main] com.enusujeo.batch.BatchApplication      : Running with Spring Boot v2.2.8.RELEASE, Spring v5.2.7.RELEASE
2020-07-20 18:56:51.725  INFO 25164 --- [main] com.enusujeo.batch.BatchApplication      : No active profile set, falling back to default profiles: default
2020-07-20 18:56:52.032  INFO 25164 --- [main] .s.d.r.c.RepositoryConfigurationDelegate : Multiple Spring Data modules found, entering strict repository configuration mode!
2020-07-20 18:56:52.033  INFO 25164 --- [main] .s.d.r.c.RepositoryConfigurationDelegate : Bootstrapping Spring Data JDBC repositories in DEFAULT mode.
2020-07-20 18:56:52.043  INFO 25164 --- [main] .s.d.r.c.RepositoryConfigurationDelegate : Finished Spring Data repository scanning in 7ms. Found 0 JDBC repository interfaces.
2020-07-20 18:56:52.052  INFO 25164 --- [main] .s.d.r.c.RepositoryConfigurationDelegate : Multiple Spring Data modules found, entering strict repository configuration mode!
2020-07-20 18:56:52.052  INFO 25164 --- [main] .s.d.r.c.RepositoryConfigurationDelegate : Bootstrapping Spring Data JPA repositories in DEFAULT mode.
2020-07-20 18:56:52.056  INFO 25164 --- [main] .s.d.r.c.RepositoryConfigurationDelegate : Finished Spring Data repository scanning in 1ms. Found 0 JPA repository interfaces.
2020-07-20 18:56:52.252  INFO 25164 --- [main] com.zaxxer.hikari.HikariDataSource       : HikariPool-1 - Starting...
2020-07-20 18:56:52.330  INFO 25164 --- [main] com.zaxxer.hikari.HikariDataSource       : HikariPool-1 - Start completed.
2020-07-20 18:56:52.362  INFO 25164 --- [main] o.hibernate.jpa.internal.util.LogHelper  : HHH000204: Processing PersistenceUnitInfo [name: default]
2020-07-20 18:56:52.393  INFO 25164 --- [main] org.hibernate.Version                    : HHH000412: Hibernate ORM core version 5.4.17.Final
2020-07-20 18:56:52.487  INFO 25164 --- [main] o.hibernate.annotations.common.Version   : HCANN000001: Hibernate Commons Annotations {5.1.0.Final}
2020-07-20 18:56:52.561  INFO 25164 --- [main] org.hibernate.dialect.Dialect            : HHH000400: Using dialect: org.hibernate.dialect.MySQL5InnoDBDialect
2020-07-20 18:56:52.686  INFO 25164 --- [main] o.h.e.t.j.p.i.JtaPlatformInitiator       : HHH000490: Using JtaPlatform implementation: [org.hibernate.engine.transaction.jta.platform.internal.NoJtaPlatform]
2020-07-20 18:56:52.690  INFO 25164 --- [main] j.LocalContainerEntityManagerFactoryBean : Initialized JPA EntityManagerFactory for persistence unit 'default'
2020-07-20 18:56:52.785  WARN 25164 --- [main] o.s.b.a.batch.JpaBatchConfigurer         : JPA does not support custom isolation levels, so locks may not be taken when launching Jobs
2020-07-20 18:56:52.787  INFO 25164 --- [main] o.s.b.c.r.s.JobRepositoryFactoryBean     : No database type set, using meta data indicating: H2
2020-07-20 18:56:52.846  INFO 25164 --- [main] o.s.b.c.l.support.SimpleJobLauncher      : No TaskExecutor has been set, defaulting to synchronous executor.
2020-07-20 18:56:52.941  INFO 25164 --- [main] com.enusujeo.batch.BatchApplication      : Started BatchApplication in 1.476 seconds (JVM running for 3.445)
2020-07-20 18:56:52.942  INFO 25164 --- [main] o.s.b.a.b.JobLauncherCommandLineRunner   : Running default command line with: []
2020-07-20 18:56:53.013  INFO 25164 --- [main] o.s.b.c.l.support.SimpleJobLauncher      : Job: [SimpleJob: [name=simpleJob]] launched with the following parameters: [{}]
2020-07-20 18:56:53.038  INFO 25164 --- [main] o.s.batch.core.job.SimpleStepHandler     : Executing step: [simpleStep1]
2020-07-20 18:56:53.045  INFO 25164 --- [main] c.e.batch.job.SimpleJobConfiguration     : >>>> this is Step 1
2020-07-20 18:56:53.049  INFO 25164 --- [main] o.s.batch.core.step.AbstractStep         : Step: [simpleStep1] executed in 11ms
2020-07-20 18:56:53.052  INFO 25164 --- [main] o.s.b.c.l.support.SimpleJobLauncher      : Job: [SimpleJob: [name=simpleJob]] completed with the following parameters: [{}] and the following status: [COMPLETED] in 24ms
2020-07-20 18:56:53.056  INFO 25164 --- [SpringContextShutdownHook] j.LocalContainerEntityManagerFactoryBean : Closing JPA EntityManagerFactory for persistence unit 'default'
2020-07-20 18:56:53.057  INFO 25164 --- [SpringContextShutdownHook] .SchemaDropperImpl$DelayedDropActionImpl : HHH000477: Starting delayed evictData of schema as part of SessionFactory shut-down'
2020-07-20 18:56:53.060  INFO 25164 --- [SpringContextShutdownHook] com.zaxxer.hikari.HikariDataSource       : HikariPool-1 - Shutdown initiated...
2020-07-20 18:56:53.063  INFO 25164 --- [SpringContextShutdownHook] com.zaxxer.hikari.HikariDataSource       : HikariPool-1 - Shutdown completed.
2020-07-20 19:57:25.780  INFO 21088 --- [main] com.enusujeo.batch.BatchApplication      : Starting BatchApplication on silverspoon8-PC with PID 21088 (D:\0. source\study\spring_batch\build\classes\java\main started by silverspoon8 in D:\0. source\study\spring_batch)
2020-07-20 19:57:25.782 DEBUG 21088 --- [main] com.enusujeo.batch.BatchApplication      : Running with Spring Boot v2.2.8.RELEASE, Spring v5.2.7.RELEASE
2020-07-20 19:57:25.783  INFO 21088 --- [main] com.enusujeo.batch.BatchApplication      : No active profile set, falling back to default profiles: default
2020-07-20 19:57:26.124  INFO 21088 --- [main] .s.d.r.c.RepositoryConfigurationDelegate : Multiple Spring Data modules found, entering strict repository configuration mode!
2020-07-20 19:57:26.125  INFO 21088 --- [main] .s.d.r.c.RepositoryConfigurationDelegate : Bootstrapping Spring Data JDBC repositories in DEFAULT mode.
2020-07-20 19:57:26.136  INFO 21088 --- [main] .s.d.r.c.RepositoryConfigurationDelegate : Finished Spring Data repository scanning in 8ms. Found 0 JDBC repository interfaces.
2020-07-20 19:57:26.149  INFO 21088 --- [main] .s.d.r.c.RepositoryConfigurationDelegate : Multiple Spring Data modules found, entering strict repository configuration mode!
2020-07-20 19:57:26.149  INFO 21088 --- [main] .s.d.r.c.RepositoryConfigurationDelegate : Bootstrapping Spring Data JPA repositories in DEFAULT mode.
2020-07-20 19:57:26.153  INFO 21088 --- [main] .s.d.r.c.RepositoryConfigurationDelegate : Finished Spring Data repository scanning in 1ms. Found 0 JPA repository interfaces.
2020-07-20 19:57:26.396  INFO 21088 --- [main] com.zaxxer.hikari.HikariDataSource       : HikariPool-1 - Starting...
2020-07-20 19:57:26.485  INFO 21088 --- [main] com.zaxxer.hikari.HikariDataSource       : HikariPool-1 - Start completed.
2020-07-20 19:57:26.517  INFO 21088 --- [main] o.hibernate.jpa.internal.util.LogHelper  : HHH000204: Processing PersistenceUnitInfo [name: default]
2020-07-20 19:57:26.547  INFO 21088 --- [main] org.hibernate.Version                    : HHH000412: Hibernate ORM core version 5.4.17.Final
2020-07-20 19:57:26.648  INFO 21088 --- [main] o.hibernate.annotations.common.Version   : HCANN000001: Hibernate Commons Annotations {5.1.0.Final}
2020-07-20 19:57:26.728  INFO 21088 --- [main] org.hibernate.dialect.Dialect            : HHH000400: Using dialect: org.hibernate.dialect.MySQL5InnoDBDialect
2020-07-20 19:57:26.874  INFO 21088 --- [main] o.h.e.t.j.p.i.JtaPlatformInitiator       : HHH000490: Using JtaPlatform implementation: [org.hibernate.engine.transaction.jta.platform.internal.NoJtaPlatform]
2020-07-20 19:57:26.880  INFO 21088 --- [main] j.LocalContainerEntityManagerFactoryBean : Initialized JPA EntityManagerFactory for persistence unit 'default'
2020-07-20 19:57:27.004  WARN 21088 --- [main] o.s.b.a.batch.JpaBatchConfigurer         : JPA does not support custom isolation levels, so locks may not be taken when launching Jobs
2020-07-20 19:57:27.007  INFO 21088 --- [main] o.s.b.c.r.s.JobRepositoryFactoryBean     : No database type set, using meta data indicating: H2
2020-07-20 19:57:27.097  INFO 21088 --- [main] o.s.b.c.l.support.SimpleJobLauncher      : No TaskExecutor has been set, defaulting to synchronous executor.
2020-07-20 19:57:27.224  INFO 21088 --- [main] com.enusujeo.batch.BatchApplication      : Started BatchApplication in 1.708 seconds (JVM running for 4.015)
2020-07-20 19:57:27.225  INFO 21088 --- [main] o.s.b.a.b.JobLauncherCommandLineRunner   : Running default command line with: []
2020-07-20 19:57:27.328  INFO 21088 --- [main] o.s.b.c.l.support.SimpleJobLauncher      : Job: [SimpleJob: [name=simpleJob]] launched with the following parameters: [{}]
2020-07-20 19:57:27.366  INFO 21088 --- [main] o.s.batch.core.job.SimpleStepHandler     : Executing step: [simpleStep1]
2020-07-20 19:57:27.372  INFO 21088 --- [main] c.e.batch.job.SimpleJobConfiguration     : >>>> this is Step 1
2020-07-20 19:57:27.378  INFO 21088 --- [main] o.s.batch.core.step.AbstractStep         : Step: [simpleStep1] executed in 11ms
2020-07-20 19:57:27.381  INFO 21088 --- [main] o.s.b.c.l.support.SimpleJobLauncher      : Job: [SimpleJob: [name=simpleJob]] completed with the following parameters: [{}] and the following status: [COMPLETED] in 28ms
2020-07-20 19:57:27.384  INFO 21088 --- [SpringContextShutdownHook] j.LocalContainerEntityManagerFactoryBean : Closing JPA EntityManagerFactory for persistence unit 'default'
2020-07-20 19:57:27.385  INFO 21088 --- [SpringContextShutdownHook] .SchemaDropperImpl$DelayedDropActionImpl : HHH000477: Starting delayed evictData of schema as part of SessionFactory shut-down'
2020-07-20 19:57:27.388  INFO 21088 --- [SpringContextShutdownHook] com.zaxxer.hikari.HikariDataSource       : HikariPool-1 - Shutdown initiated...
2020-07-20 19:57:27.391  INFO 21088 --- [SpringContextShutdownHook] com.zaxxer.hikari.HikariDataSource       : HikariPool-1 - Shutdown completed.
